[2022-08-24 23:04:55] [main] [com.networkprobe.app.NetworkProbeApp] [INFO ] - NetworkProbe 1.0
[2022-08-24 23:04:55] [main] [com.networkprobe.app.NetworkProbeApp] [INFO ] - CommandLine loaded
[2022-08-24 23:04:55] [main] [com.networkprobe.app.NetworkProbeApp] [INFO ] - NetworkSubject (network-side): NetworkSubjectType@SERVER
[2022-08-24 23:04:55] [main] [com.networkprobe.app.NetworkProbeApp] [INFO ] - Loading NetworkSubjectFactory...
[2022-08-24 23:04:55] [main] [com.networkprobe.networking.NetworkSubjectFactory] [INFO ] - Ready.
[2022-08-24 23:04:55] [main] [com.networkprobe.app.NetworkProbeApp] [INFO ] - Setting up NetworkSubject wrapper...
[2022-08-24 23:05:48] [main] [com.networkprobe.app.NetworkProbeApp] [INFO ] - NetworkProbe 1.0
[2022-08-24 23:05:48] [main] [com.networkprobe.app.NetworkProbeApp] [INFO ] - CommandLine loaded
[2022-08-24 23:05:48] [main] [com.networkprobe.app.NetworkProbeApp] [INFO ] - NetworkSubject (network-side): NetworkSubjectType@SERVER
[2022-08-24 23:05:48] [main] [com.networkprobe.app.NetworkProbeApp] [INFO ] - Loading NetworkSubjectFactory...
[2022-08-24 23:05:48] [main] [com.networkprobe.networking.NetworkSubjectFactory] [INFO ] - Ready.
[2022-08-24 23:05:48] [main] [com.networkprobe.app.NetworkProbeApp] [INFO ] - Setting up NetworkSubject wrapper...
[2022-08-24 23:05:48] [main] [com.networkprobe.subject.NetworkServer] [INFO ] - Loading as server...
[2022-08-24 23:05:48] [main] [com.networkprobe.subject.NetworkServer] [INFO ] - Listening on port 14476
[2022-08-24 23:05:51] [main] [com.networkprobe.app.NetworkProbeApp] [INFO ] - NetworkProbe 1.0
[2022-08-24 23:05:51] [main] [com.networkprobe.app.NetworkProbeApp] [INFO ] - CommandLine loaded
[2022-08-24 23:05:51] [main] [com.networkprobe.app.NetworkProbeApp] [INFO ] - NetworkSubject (network-side): NetworkSubjectType@CLIENT
[2022-08-24 23:05:51] [main] [com.networkprobe.app.NetworkProbeApp] [INFO ] - Loading NetworkSubjectFactory...
[2022-08-24 23:05:51] [main] [com.networkprobe.networking.NetworkSubjectFactory] [INFO ] - Ready.
[2022-08-24 23:05:51] [main] [com.networkprobe.app.NetworkProbeApp] [INFO ] - Setting up NetworkSubject wrapper...
[2022-08-24 23:05:51] [main] [com.networkprobe.subject.NetworkServer] [INFO ] - Loading as client...
[2022-08-24 23:05:51] [main] [com.networkprobe.subject.NetworkServer] [INFO ] - Ready.
[2022-08-24 23:05:51] [main] [com.networkprobe.subject.NetworkServer] [INFO ] - Requesting server IP address...
[2022-08-24 23:05:51] [main] [com.networkprobe.subject.NetworkServer] [INFO ] - Waiting for the server answer...
[2022-08-24 23:05:51] [main] [com.networkprobe.subject.NetworkServer] [ERROR] - ~~~~~~~~~ EXCEPTION ~~~~~~~~~
[2022-08-24 23:05:51] [main] [com.networkprobe.subject.NetworkServer] [ERROR] - 
[2022-08-24 23:05:51] [main] [com.networkprobe.subject.NetworkServer] [ERROR] - com.networkprobe.subject.NetworkServer.execute(NetworkServer.java:55)
[2022-08-24 23:05:51] [main] [com.networkprobe.subject.NetworkServer] [ERROR] - com.networkprobe.app.NetworkProbeApp.main(NetworkProbeApp.java:45)
[2022-08-24 23:05:51] [main] [com.networkprobe.subject.NetworkServer] [ERROR] - ~~~~~~~~~~~~~~~~~~~~~~~~~~~~~
[2022-08-24 23:07:33] [main] [com.networkprobe.app.NetworkProbeApp] [INFO ] - NetworkProbe 1.0
[2022-08-24 23:07:33] [main] [com.networkprobe.app.NetworkProbeApp] [INFO ] - CommandLine loaded
[2022-08-24 23:07:33] [main] [com.networkprobe.app.NetworkProbeApp] [INFO ] - NetworkSubject (network-side): NetworkSubjectType@CLIENT
[2022-08-24 23:07:33] [main] [com.networkprobe.app.NetworkProbeApp] [INFO ] - Loading NetworkSubjectFactory...
[2022-08-24 23:07:33] [main] [com.networkprobe.networking.NetworkSubjectFactory] [INFO ] - Ready.
[2022-08-24 23:07:33] [main] [com.networkprobe.app.NetworkProbeApp] [INFO ] - Setting up NetworkSubject wrapper...
[2022-08-24 23:07:33] [main] [com.networkprobe.subject.NetworkServer] [INFO ] - Loading as client...
[2022-08-24 23:07:33] [main] [com.networkprobe.subject.NetworkServer] [INFO ] - Ready.
[2022-08-24 23:07:33] [main] [com.networkprobe.subject.NetworkServer] [INFO ] - Requesting server IP address...
[2022-08-24 23:07:33] [main] [com.networkprobe.subject.NetworkServer] [INFO ] - Waiting for the server answer...
[2022-08-24 23:07:41] [main] [com.networkprobe.app.NetworkProbeApp] [INFO ] - NetworkProbe 1.0
[2022-08-24 23:07:41] [main] [com.networkprobe.app.NetworkProbeApp] [INFO ] - CommandLine loaded
[2022-08-24 23:07:41] [main] [com.networkprobe.app.NetworkProbeApp] [INFO ] - NetworkSubject (network-side): NetworkSubjectType@SERVER
[2022-08-24 23:07:41] [main] [com.networkprobe.app.NetworkProbeApp] [INFO ] - Loading NetworkSubjectFactory...
[2022-08-24 23:07:41] [main] [com.networkprobe.networking.NetworkSubjectFactory] [INFO ] - Ready.
[2022-08-24 23:07:41] [main] [com.networkprobe.app.NetworkProbeApp] [INFO ] - Setting up NetworkSubject wrapper...
[2022-08-24 23:07:41] [main] [com.networkprobe.subject.NetworkServer] [INFO ] - Loading as server...
[2022-08-24 23:07:41] [main] [com.networkprobe.subject.NetworkServer] [INFO ] - Listening on port 14476
[2022-08-24 23:07:43] [main] [com.networkprobe.app.NetworkProbeApp] [INFO ] - NetworkProbe 1.0
[2022-08-24 23:07:43] [main] [com.networkprobe.app.NetworkProbeApp] [INFO ] - CommandLine loaded
[2022-08-24 23:07:43] [main] [com.networkprobe.app.NetworkProbeApp] [INFO ] - NetworkSubject (network-side): NetworkSubjectType@CLIENT
[2022-08-24 23:07:43] [main] [com.networkprobe.app.NetworkProbeApp] [INFO ] - Loading NetworkSubjectFactory...
[2022-08-24 23:07:43] [main] [com.networkprobe.networking.NetworkSubjectFactory] [INFO ] - Ready.
[2022-08-24 23:07:43] [main] [com.networkprobe.app.NetworkProbeApp] [INFO ] - Setting up NetworkSubject wrapper...
[2022-08-24 23:07:43] [main] [com.networkprobe.subject.NetworkServer] [INFO ] - Loading as client...
[2022-08-24 23:07:43] [main] [com.networkprobe.subject.NetworkServer] [INFO ] - Ready.
[2022-08-24 23:07:43] [main] [com.networkprobe.subject.NetworkServer] [INFO ] - Requesting server IP address...
[2022-08-24 23:07:43] [main] [com.networkprobe.subject.NetworkServer] [INFO ] - Waiting for the server answer...
[2022-08-24 23:07:43] [main] [com.networkprobe.subject.NetworkServer] [INFO ] - Command "%s" requested by "%s"
[2022-08-24 23:07:43] [main] [com.networkprobe.subject.NetworkServer] [INFO ] - "%s" sent to "%s"
[2022-08-24 23:08:09] [main] [com.networkprobe.app.NetworkProbeApp] [INFO ] - NetworkProbe 1.0
[2022-08-24 23:08:09] [main] [com.networkprobe.app.NetworkProbeApp] [INFO ] - CommandLine loaded
[2022-08-24 23:08:09] [main] [com.networkprobe.app.NetworkProbeApp] [INFO ] - NetworkSubject (network-side): NetworkSubjectType@SERVER
[2022-08-24 23:08:09] [main] [com.networkprobe.app.NetworkProbeApp] [INFO ] - Loading NetworkSubjectFactory...
[2022-08-24 23:08:09] [main] [com.networkprobe.networking.NetworkSubjectFactory] [INFO ] - Ready.
[2022-08-24 23:08:09] [main] [com.networkprobe.app.NetworkProbeApp] [INFO ] - Setting up NetworkSubject wrapper...
[2022-08-24 23:08:09] [main] [com.networkprobe.subject.NetworkServer] [INFO ] - Loading as server...
[2022-08-24 23:08:09] [main] [com.networkprobe.subject.NetworkServer] [INFO ] - Listening on port 14476
[2022-08-24 23:08:11] [main] [com.networkprobe.app.NetworkProbeApp] [INFO ] - NetworkProbe 1.0
[2022-08-24 23:08:11] [main] [com.networkprobe.app.NetworkProbeApp] [INFO ] - CommandLine loaded
[2022-08-24 23:08:11] [main] [com.networkprobe.app.NetworkProbeApp] [INFO ] - NetworkSubject (network-side): NetworkSubjectType@CLIENT
[2022-08-24 23:08:11] [main] [com.networkprobe.app.NetworkProbeApp] [INFO ] - Loading NetworkSubjectFactory...
[2022-08-24 23:08:11] [main] [com.networkprobe.networking.NetworkSubjectFactory] [INFO ] - Ready.
[2022-08-24 23:08:11] [main] [com.networkprobe.app.NetworkProbeApp] [INFO ] - Setting up NetworkSubject wrapper...
[2022-08-24 23:08:11] [main] [com.networkprobe.subject.NetworkServer] [INFO ] - Loading as client...
[2022-08-24 23:08:11] [main] [com.networkprobe.subject.NetworkServer] [INFO ] - Ready.
[2022-08-24 23:08:11] [main] [com.networkprobe.subject.NetworkServer] [INFO ] - Requesting server IP address...
[2022-08-24 23:08:11] [main] [com.networkprobe.subject.NetworkServer] [INFO ] - Waiting for the server answer...
[2022-08-24 23:08:11] [main] [com.networkprobe.subject.NetworkServer] [INFO ] - Command "0" requested by "192.168.1.2"
[2022-08-24 23:08:11] [main] [com.networkprobe.subject.NetworkServer] [INFO ] - "192.168.1.2" sent to "192.168.1.2"
[2022-08-24 23:09:05] [main] [com.networkprobe.app.NetworkProbeApp] [INFO ] - NetworkProbe 1.0
[2022-08-24 23:09:05] [main] [com.networkprobe.app.NetworkProbeApp] [INFO ] - CommandLine loaded
[2022-08-24 23:09:05] [main] [com.networkprobe.app.NetworkProbeApp] [INFO ] - NetworkSubject (network-side): NetworkSubjectType@SERVER
[2022-08-24 23:09:05] [main] [com.networkprobe.app.NetworkProbeApp] [INFO ] - Loading NetworkSubjectFactory...
[2022-08-24 23:09:05] [main] [com.networkprobe.networking.NetworkSubjectFactory] [INFO ] - Ready.
[2022-08-24 23:09:05] [main] [com.networkprobe.app.NetworkProbeApp] [INFO ] - Setting up NetworkSubject wrapper...
[2022-08-24 23:09:05] [main] [com.networkprobe.subject.NetworkServer] [INFO ] - Loading as server...
[2022-08-24 23:09:05] [main] [com.networkprobe.subject.NetworkServer] [INFO ] - Listening on port 14476
[2022-08-24 23:09:07] [main] [com.networkprobe.app.NetworkProbeApp] [INFO ] - NetworkProbe 1.0
[2022-08-24 23:09:07] [main] [com.networkprobe.app.NetworkProbeApp] [INFO ] - CommandLine loaded
[2022-08-24 23:09:07] [main] [com.networkprobe.app.NetworkProbeApp] [INFO ] - NetworkSubject (network-side): NetworkSubjectType@CLIENT
[2022-08-24 23:09:07] [main] [com.networkprobe.app.NetworkProbeApp] [INFO ] - Loading NetworkSubjectFactory...
[2022-08-24 23:09:07] [main] [com.networkprobe.networking.NetworkSubjectFactory] [INFO ] - Ready.
[2022-08-24 23:09:07] [main] [com.networkprobe.app.NetworkProbeApp] [INFO ] - Setting up NetworkSubject wrapper...
[2022-08-24 23:09:07] [main] [com.networkprobe.subject.NetworkServer] [INFO ] - Loading as client...
[2022-08-24 23:09:08] [main] [com.networkprobe.subject.NetworkServer] [INFO ] - Ready.
[2022-08-24 23:09:08] [main] [com.networkprobe.subject.NetworkServer] [INFO ] - Requesting server IP address...
[2022-08-24 23:09:08] [main] [com.networkprobe.subject.NetworkServer] [INFO ] - Waiting for the server answer...
[2022-08-24 23:09:08] [main] [com.networkprobe.subject.NetworkServer] [INFO ] - Command "REQUEST_SERVER_IP" requested by "192.168.1.2"
[2022-08-24 23:09:08] [main] [com.networkprobe.subject.NetworkServer] [INFO ] - "192.168.1.2" sent to "192.168.1.2"
[2022-08-24 23:10:28] [main] [com.networkprobe.app.NetworkProbeApp] [INFO ] - NetworkProbe 1.0
[2022-08-24 23:10:28] [main] [com.networkprobe.app.NetworkProbeApp] [INFO ] - CommandLine loaded
[2022-08-24 23:10:28] [main] [com.networkprobe.app.NetworkProbeApp] [INFO ] - NetworkSubject (network-side): NetworkSubjectType@SERVER
[2022-08-24 23:10:28] [main] [com.networkprobe.app.NetworkProbeApp] [INFO ] - Loading NetworkSubjectFactory...
[2022-08-24 23:10:28] [main] [com.networkprobe.networking.NetworkSubjectFactory] [INFO ] - Ready.
[2022-08-24 23:10:28] [main] [com.networkprobe.app.NetworkProbeApp] [INFO ] - Setting up NetworkSubject wrapper...
[2022-08-24 23:10:28] [main] [com.networkprobe.subject.NetworkServer] [INFO ] - Loading as server...
[2022-08-24 23:10:29] [main] [com.networkprobe.subject.NetworkServer] [INFO ] - Listening on port 14476
[2022-08-24 23:10:30] [main] [com.networkprobe.app.NetworkProbeApp] [INFO ] - NetworkProbe 1.0
[2022-08-24 23:10:30] [main] [com.networkprobe.app.NetworkProbeApp] [INFO ] - CommandLine loaded
[2022-08-24 23:10:30] [main] [com.networkprobe.app.NetworkProbeApp] [INFO ] - NetworkSubject (network-side): NetworkSubjectType@CLIENT
[2022-08-24 23:10:30] [main] [com.networkprobe.app.NetworkProbeApp] [INFO ] - Loading NetworkSubjectFactory...
[2022-08-24 23:10:30] [main] [com.networkprobe.networking.NetworkSubjectFactory] [INFO ] - Ready.
[2022-08-24 23:10:30] [main] [com.networkprobe.app.NetworkProbeApp] [INFO ] - Setting up NetworkSubject wrapper...
[2022-08-24 23:10:30] [main] [com.networkprobe.subject.NetworkServer] [INFO ] - Loading as client...
[2022-08-24 23:10:31] [main] [com.networkprobe.subject.NetworkServer] [INFO ] - Ready.
[2022-08-24 23:10:31] [main] [com.networkprobe.subject.NetworkServer] [INFO ] - Requesting server IP address...
[2022-08-24 23:10:31] [main] [com.networkprobe.subject.NetworkServer] [INFO ] - Waiting for the server answer...
[2022-08-24 23:10:31] [main] [com.networkprobe.subject.NetworkServer] [INFO ] - Command "REQUEST_SERVER_IP" requested by "192.168.1.2"
[2022-08-24 23:10:31] [main] [com.networkprobe.subject.NetworkServer] [INFO ] - "[Response=192.168.1.2]" sent to "192.168.1.2:63985"
[2022-08-24 23:21:26] [main] [com.networkprobe.app.NetworkProbeApp] [INFO ] - NetworkProbe 1.0
[2022-08-24 23:21:26] [main] [com.networkprobe.app.NetworkProbeApp] [INFO ] - CommandLine loaded
[2022-08-24 23:21:26] [main] [com.networkprobe.app.NetworkProbeApp] [INFO ] - NetworkSubject (network-side): NetworkSubjectType@SERVER
[2022-08-24 23:21:26] [main] [com.networkprobe.app.NetworkProbeApp] [INFO ] - Loading NetworkSubjectFactory...
[2022-08-24 23:21:26] [main] [com.networkprobe.networking.NetworkSubjectFactory] [INFO ] - Ready.
[2022-08-24 23:21:26] [main] [com.networkprobe.app.NetworkProbeApp] [INFO ] - Setting up NetworkSubject wrapper...
[2022-08-24 23:21:26] [main] [com.networkprobe.subject.NetworkServer] [INFO ] - Loading as server...
[2022-08-24 23:21:26] [main] [com.networkprobe.subject.NetworkServer] [INFO ] - Listening on port 14476
[2022-08-24 23:21:36] [main] [com.networkprobe.app.NetworkProbeApp] [INFO ] - NetworkProbe 1.0
[2022-08-24 23:21:36] [main] [com.networkprobe.app.NetworkProbeApp] [INFO ] - CommandLine loaded
[2022-08-24 23:21:36] [main] [com.networkprobe.app.NetworkProbeApp] [INFO ] - NetworkSubject (network-side): NetworkSubjectType@CLIENT
[2022-08-24 23:21:36] [main] [com.networkprobe.app.NetworkProbeApp] [INFO ] - Loading NetworkSubjectFactory...
[2022-08-24 23:21:36] [main] [com.networkprobe.networking.NetworkSubjectFactory] [INFO ] - Ready.
[2022-08-24 23:21:36] [main] [com.networkprobe.app.NetworkProbeApp] [INFO ] - Setting up NetworkSubject wrapper...
[2022-08-24 23:21:36] [main] [com.networkprobe.subject.NetworkServer] [INFO ] - Loading as client...
[2022-08-24 23:21:36] [main] [com.networkprobe.subject.NetworkServer] [INFO ] - Ready.
[2022-08-24 23:21:36] [main] [com.networkprobe.subject.NetworkServer] [INFO ] - Requesting server IP address...
[2022-08-24 23:21:36] [main] [com.networkprobe.subject.NetworkServer] [INFO ] - Waiting for the server answer...
[2022-08-24 23:21:36] [main] [com.networkprobe.subject.NetworkServer] [INFO ] - Command "REQUEST_SERVER_IP" requested by "192.168.1.2"
[2022-08-24 23:21:36] [main] [com.networkprobe.subject.NetworkServer] [INFO ] - Recebido: 192.168.1.2
[2022-08-24 23:21:36] [main] [com.networkprobe.subject.NetworkServer] [INFO ] - Atualizando ip do clienteBD para 192.168.1.2
[2022-08-24 23:21:36] [main] [com.networkprobe.subject.NetworkServer] [INFO ] - [Response=192.168.1.2] sent to "192.168.1.2:50239"
[2022-08-24 23:25:31] [main] [com.networkprobe.app.NetworkProbeApp] [INFO ] - NetworkProbe 1.0
[2022-08-24 23:25:31] [main] [com.networkprobe.app.NetworkProbeApp] [INFO ] - CommandLine loaded
[2022-08-24 23:25:31] [main] [com.networkprobe.app.NetworkProbeApp] [INFO ] - NetworkSubject (network-side): NetworkSubjectType@SERVER
[2022-08-24 23:25:31] [main] [com.networkprobe.app.NetworkProbeApp] [INFO ] - Loading NetworkSubjectFactory...
[2022-08-24 23:25:31] [main] [com.networkprobe.networking.NetworkSubjectFactory] [INFO ] - Ready.
[2022-08-24 23:25:31] [main] [com.networkprobe.app.NetworkProbeApp] [INFO ] - Setting up NetworkSubject wrapper...
[2022-08-24 23:25:31] [main] [com.networkprobe.subject.NetworkServer] [INFO ] - Loading as server...
[2022-08-24 23:25:31] [main] [com.networkprobe.subject.NetworkServer] [INFO ] - Listening on port 14476
[2022-08-24 23:25:33] [main] [com.networkprobe.app.NetworkProbeApp] [INFO ] - NetworkProbe 1.0
[2022-08-24 23:25:33] [main] [com.networkprobe.app.NetworkProbeApp] [INFO ] - CommandLine loaded
[2022-08-24 23:25:33] [main] [com.networkprobe.app.NetworkProbeApp] [INFO ] - NetworkSubject (network-side): NetworkSubjectType@CLIENT
[2022-08-24 23:25:33] [main] [com.networkprobe.app.NetworkProbeApp] [INFO ] - Loading NetworkSubjectFactory...
[2022-08-24 23:25:33] [main] [com.networkprobe.networking.NetworkSubjectFactory] [INFO ] - Ready.
[2022-08-24 23:25:33] [main] [com.networkprobe.app.NetworkProbeApp] [INFO ] - Setting up NetworkSubject wrapper...
[2022-08-24 23:25:33] [main] [com.networkprobe.subject.NetworkServer] [INFO ] - Loading as client...
[2022-08-24 23:25:34] [main] [com.networkprobe.subject.NetworkServer] [INFO ] - Ready.
[2022-08-24 23:25:34] [main] [com.networkprobe.subject.NetworkServer] [INFO ] - Requesting server IP address...
[2022-08-24 23:25:34] [main] [com.networkprobe.subject.NetworkServer] [INFO ] - Waiting for the server answer...
[2022-08-24 23:25:34] [main] [com.networkprobe.subject.NetworkServer] [INFO ] - Command "REQUEST_SERVER_IP" requested by "192.168.1.2"
[2022-08-24 23:25:34] [main] [com.networkprobe.subject.NetworkServer] [INFO ] - Recebido: 192.168.1.2
[2022-08-24 23:25:34] [main] [com.networkprobe.subject.NetworkServer] [INFO ] - Atualizando ip do clienteBD para 192.168.1.2
[2022-08-24 23:25:34] [main] [com.networkprobe.subject.NetworkServer] [INFO ] - [Response=192.168.1.2] sent to "192.168.1.2:52763"
