[2022-08-27 22:57:49] [main] [com.networkprobe.app.NetworkProbeApp] [INFO ] - NetworkProbe 1.0
[2022-08-27 22:57:49] [main] [com.networkprobe.app.NetworkProbeApp] [INFO ] - CommandLine loaded
[2022-08-27 22:57:49] [main] [com.networkprobe.app.NetworkProbeApp] [INFO ] - Loading NetworkConfiguration
[2022-08-27 22:57:49] [main] [com.networkprobe.app.NetworkProbeApp] [ERROR] - ~~~~~~~~~ EXCEPTION ~~~~~~~~~
[2022-08-27 22:57:49] [main] [com.networkprobe.app.NetworkProbeApp] [ERROR] - .\config\networking.json
[2022-08-27 22:57:49] [main] [com.networkprobe.app.NetworkProbeApp] [ERROR] - sun.nio.fs.WindowsException.translateToIOException(Unknown Source)
[2022-08-27 22:57:49] [main] [com.networkprobe.app.NetworkProbeApp] [ERROR] - sun.nio.fs.WindowsException.rethrowAsIOException(Unknown Source)
[2022-08-27 22:57:49] [main] [com.networkprobe.app.NetworkProbeApp] [ERROR] - sun.nio.fs.WindowsException.rethrowAsIOException(Unknown Source)
[2022-08-27 22:57:49] [main] [com.networkprobe.app.NetworkProbeApp] [ERROR] - sun.nio.fs.WindowsFileSystemProvider.newByteChannel(Unknown Source)
[2022-08-27 22:57:49] [main] [com.networkprobe.app.NetworkProbeApp] [ERROR] - java.nio.file.Files.newByteChannel(Unknown Source)
[2022-08-27 22:57:49] [main] [com.networkprobe.app.NetworkProbeApp] [ERROR] - java.nio.file.Files.newByteChannel(Unknown Source)
[2022-08-27 22:57:49] [main] [com.networkprobe.app.NetworkProbeApp] [ERROR] - java.nio.file.Files.readAllBytes(Unknown Source)
[2022-08-27 22:57:49] [main] [com.networkprobe.app.NetworkProbeApp] [ERROR] - com.networkprobe.networking.config.NetworkConfiguration.<init>(NetworkConfiguration.java:29)
[2022-08-27 22:57:49] [main] [com.networkprobe.app.NetworkProbeApp] [ERROR] - com.networkprobe.networking.config.NetworkConfiguration.create(NetworkConfiguration.java:36)
[2022-08-27 22:57:49] [main] [com.networkprobe.app.NetworkProbeApp] [ERROR] - com.networkprobe.app.NetworkProbeApp.main(NetworkProbeApp.java:48)
[2022-08-27 22:57:49] [main] [com.networkprobe.app.NetworkProbeApp] [ERROR] - ~~~~~~~~~~~~~~~~~~~~~~~~~~~~~
[2022-08-27 22:58:08] [main] [com.networkprobe.app.NetworkProbeApp] [INFO ] - NetworkProbe 1.0
[2022-08-27 22:58:08] [main] [com.networkprobe.app.NetworkProbeApp] [INFO ] - CommandLine loaded
[2022-08-27 22:58:08] [main] [com.networkprobe.app.NetworkProbeApp] [INFO ] - Loading NetworkConfiguration
[2022-08-27 22:58:08] [main] [com.networkprobe.app.NetworkProbeApp] [ERROR] - ~~~~~~~~~ EXCEPTION ~~~~~~~~~
[2022-08-27 22:58:08] [main] [com.networkprobe.app.NetworkProbeApp] [ERROR] - .\config\networking.json
[2022-08-27 22:58:08] [main] [com.networkprobe.app.NetworkProbeApp] [ERROR] - sun.nio.fs.WindowsException.translateToIOException(Unknown Source)
[2022-08-27 22:58:08] [main] [com.networkprobe.app.NetworkProbeApp] [ERROR] - sun.nio.fs.WindowsException.rethrowAsIOException(Unknown Source)
[2022-08-27 22:58:08] [main] [com.networkprobe.app.NetworkProbeApp] [ERROR] - sun.nio.fs.WindowsException.rethrowAsIOException(Unknown Source)
[2022-08-27 22:58:08] [main] [com.networkprobe.app.NetworkProbeApp] [ERROR] - sun.nio.fs.WindowsFileSystemProvider.newByteChannel(Unknown Source)
[2022-08-27 22:58:08] [main] [com.networkprobe.app.NetworkProbeApp] [ERROR] - java.nio.file.Files.newByteChannel(Unknown Source)
[2022-08-27 22:58:08] [main] [com.networkprobe.app.NetworkProbeApp] [ERROR] - java.nio.file.Files.newByteChannel(Unknown Source)
[2022-08-27 22:58:08] [main] [com.networkprobe.app.NetworkProbeApp] [ERROR] - java.nio.file.Files.readAllBytes(Unknown Source)
[2022-08-27 22:58:08] [main] [com.networkprobe.app.NetworkProbeApp] [ERROR] - com.networkprobe.networking.config.NetworkConfiguration.<init>(NetworkConfiguration.java:29)
[2022-08-27 22:58:08] [main] [com.networkprobe.app.NetworkProbeApp] [ERROR] - com.networkprobe.networking.config.NetworkConfiguration.create(NetworkConfiguration.java:36)
[2022-08-27 22:58:08] [main] [com.networkprobe.app.NetworkProbeApp] [ERROR] - com.networkprobe.app.NetworkProbeApp.main(NetworkProbeApp.java:48)
[2022-08-27 22:58:08] [main] [com.networkprobe.app.NetworkProbeApp] [ERROR] - ~~~~~~~~~~~~~~~~~~~~~~~~~~~~~
[2022-08-27 22:58:16] [main] [com.networkprobe.app.NetworkProbeApp] [INFO ] - NetworkProbe 1.0
[2022-08-27 22:58:16] [main] [com.networkprobe.app.NetworkProbeApp] [INFO ] - CommandLine loaded
[2022-08-27 22:58:16] [main] [com.networkprobe.app.NetworkProbeApp] [INFO ] - Loading NetworkConfiguration
[2022-08-27 22:58:16] [main] [com.networkprobe.networking.config.NetworkConfiguration] [INFO ] - './config/networking.json' is loaded as 'NetworkConfiguration'
[2022-08-27 22:58:16] [main] [com.networkprobe.app.NetworkProbeApp] [INFO ] - NetworkSubject (network-side): NetworkSubjectType@SERVER
[2022-08-27 22:58:16] [main] [com.networkprobe.app.NetworkProbeApp] [INFO ] - Loading command manager...
[2022-08-27 22:58:16] [main] [com.networkprobe.command.CommandManager] [INFO ] - Ready.
[2022-08-27 22:58:16] [main] [com.networkprobe.app.NetworkProbeApp] [INFO ] - Loading commands....
[2022-08-27 22:58:16] [main] [com.networkprobe.app.NetworkProbeApp] [INFO ] - Loading NetworkSubjectFactory
[2022-08-27 22:58:16] [main] [com.networkprobe.networking.subject.NetworkSubjectFactory] [INFO ] - Ready.
[2022-08-27 22:58:16] [main] [com.networkprobe.app.NetworkProbeApp] [INFO ] - Loading NetworkEnvironment
[2022-08-27 22:58:16] [main] [com.networkprobe.networking.NetworkEnvironment] [INFO ] - Ready.
[2022-08-27 22:58:16] [main] [com.networkprobe.app.NetworkProbeApp] [INFO ] - Setting up NetworkSubject wrapper
[2022-08-27 22:58:16] [main] [com.networkprobe.subject.NetworkServer] [INFO ] - Listening on port 14476
[2022-08-27 22:58:21] [main] [com.networkprobe.app.NetworkProbeApp] [INFO ] - NetworkProbe 1.0
[2022-08-27 22:58:21] [main] [com.networkprobe.app.NetworkProbeApp] [INFO ] - CommandLine loaded
[2022-08-27 22:58:21] [main] [com.networkprobe.app.NetworkProbeApp] [INFO ] - Loading NetworkConfiguration
[2022-08-27 22:58:21] [main] [com.networkprobe.networking.config.NetworkConfiguration] [INFO ] - './config/networking.json' is loaded as 'NetworkConfiguration'
[2022-08-27 22:58:21] [main] [com.networkprobe.app.NetworkProbeApp] [INFO ] - NetworkSubject (network-side): NetworkSubjectType@CLIENT
[2022-08-27 22:58:21] [main] [com.networkprobe.app.NetworkProbeApp] [INFO ] - Registering all broadcast addresses.
[2022-08-27 22:58:21] [main] [com.networkprobe.app.NetworkProbeApp] [INFO ] - Loading NetworkSubjectFactory
[2022-08-27 22:58:21] [main] [com.networkprobe.networking.subject.NetworkSubjectFactory] [INFO ] - Ready.
[2022-08-27 22:58:21] [main] [com.networkprobe.app.NetworkProbeApp] [INFO ] - Loading NetworkEnvironment
[2022-08-27 22:58:21] [main] [com.networkprobe.networking.NetworkEnvironment] [INFO ] - Ready.
[2022-08-27 22:58:21] [main] [com.networkprobe.app.NetworkProbeApp] [INFO ] - Setting up NetworkSubject wrapper
[2022-08-27 22:58:21] [main] [com.networkprobe.subject.NetworkClient] [INFO ] - Executing Client
[2022-08-27 22:58:21] [main] [com.networkprobe.subject.NetworkClient] [INFO ] - Requesting IP address to the network
[2022-08-27 22:58:21] [main] [com.networkprobe.subject.NetworkClient] [INFO ] - Waiting for the server response [!]
[2022-08-27 22:58:21] [Thread-0] [com.networkprobe.networking.NetworkPacketSender] [INFO ] - Sending a data packet to 192.168.1.255
[2022-08-27 22:58:21] [Thread-1] [com.networkprobe.networking.NetworkPacketSender] [INFO ] - Sending a data packet to 172.18.127.255
[2022-08-27 22:58:21] [main] [com.networkprobe.subject.NetworkServer] [ERROR] - ~~~~~~~~~ EXCEPTION ~~~~~~~~~
[2022-08-27 22:58:21] [main] [com.networkprobe.subject.NetworkServer] [ERROR] - For input string: "9xaxai"
[2022-08-27 22:58:21] [main] [com.networkprobe.subject.NetworkServer] [ERROR] - java.lang.NumberFormatException.forInputString(Unknown Source)
[2022-08-27 22:58:21] [main] [com.networkprobe.subject.NetworkServer] [ERROR] - java.lang.Integer.parseInt(Unknown Source)
[2022-08-27 22:58:21] [main] [com.networkprobe.subject.NetworkServer] [ERROR] - java.lang.Integer.parseInt(Unknown Source)
[2022-08-27 22:58:21] [main] [com.networkprobe.subject.NetworkServer] [ERROR] - com.networkprobe.subject.NetworkServer.execute(NetworkServer.java:54)
[2022-08-27 22:58:21] [main] [com.networkprobe.subject.NetworkServer] [ERROR] - com.networkprobe.app.NetworkProbeApp.main(NetworkProbeApp.java:77)
[2022-08-27 22:58:21] [main] [com.networkprobe.subject.NetworkServer] [ERROR] - ~~~~~~~~~~~~~~~~~~~~~~~~~~~~~
[2022-08-27 22:59:12] [main] [com.networkprobe.app.NetworkProbeApp] [INFO ] - NetworkProbe 1.0
[2022-08-27 22:59:12] [main] [com.networkprobe.app.NetworkProbeApp] [INFO ] - CommandLine loaded
[2022-08-27 22:59:12] [main] [com.networkprobe.app.NetworkProbeApp] [INFO ] - Loading NetworkConfiguration
[2022-08-27 22:59:12] [main] [com.networkprobe.networking.config.NetworkConfiguration] [INFO ] - './config/networking.json' is loaded as 'NetworkConfiguration'
[2022-08-27 22:59:12] [main] [com.networkprobe.app.NetworkProbeApp] [INFO ] - NetworkSubject (network-side): NetworkSubjectType@SERVER
[2022-08-27 22:59:12] [main] [com.networkprobe.app.NetworkProbeApp] [INFO ] - Loading command manager...
[2022-08-27 22:59:12] [main] [com.networkprobe.command.CommandManager] [INFO ] - Ready.
[2022-08-27 22:59:12] [main] [com.networkprobe.app.NetworkProbeApp] [INFO ] - Loading commands....
[2022-08-27 22:59:12] [main] [com.networkprobe.app.NetworkProbeApp] [INFO ] - Loading NetworkSubjectFactory
[2022-08-27 22:59:12] [main] [com.networkprobe.networking.subject.NetworkSubjectFactory] [INFO ] - Ready.
[2022-08-27 22:59:12] [main] [com.networkprobe.app.NetworkProbeApp] [INFO ] - Loading NetworkEnvironment
[2022-08-27 22:59:12] [main] [com.networkprobe.networking.NetworkEnvironment] [INFO ] - Ready.
[2022-08-27 22:59:12] [main] [com.networkprobe.app.NetworkProbeApp] [INFO ] - Setting up NetworkSubject wrapper
[2022-08-27 22:59:12] [main] [com.networkprobe.subject.NetworkServer] [INFO ] - Listening on port 14476
[2022-08-27 22:59:15] [main] [com.networkprobe.app.NetworkProbeApp] [INFO ] - NetworkProbe 1.0
[2022-08-27 22:59:15] [main] [com.networkprobe.app.NetworkProbeApp] [INFO ] - CommandLine loaded
[2022-08-27 22:59:15] [main] [com.networkprobe.app.NetworkProbeApp] [INFO ] - Loading NetworkConfiguration
[2022-08-27 22:59:15] [main] [com.networkprobe.networking.config.NetworkConfiguration] [INFO ] - './config/networking.json' is loaded as 'NetworkConfiguration'
[2022-08-27 22:59:15] [main] [com.networkprobe.app.NetworkProbeApp] [INFO ] - NetworkSubject (network-side): NetworkSubjectType@CLIENT
[2022-08-27 22:59:15] [main] [com.networkprobe.app.NetworkProbeApp] [INFO ] - Registering all broadcast addresses.
[2022-08-27 22:59:15] [main] [com.networkprobe.app.NetworkProbeApp] [INFO ] - Loading NetworkSubjectFactory
[2022-08-27 22:59:15] [main] [com.networkprobe.networking.subject.NetworkSubjectFactory] [INFO ] - Ready.
[2022-08-27 22:59:15] [main] [com.networkprobe.app.NetworkProbeApp] [INFO ] - Loading NetworkEnvironment
[2022-08-27 22:59:15] [main] [com.networkprobe.networking.NetworkEnvironment] [INFO ] - Ready.
[2022-08-27 22:59:15] [main] [com.networkprobe.app.NetworkProbeApp] [INFO ] - Setting up NetworkSubject wrapper
[2022-08-27 22:59:15] [main] [com.networkprobe.subject.NetworkClient] [INFO ] - Executing Client
[2022-08-27 22:59:15] [main] [com.networkprobe.subject.NetworkClient] [INFO ] - Requesting IP address to the network
[2022-08-27 22:59:16] [main] [com.networkprobe.subject.NetworkClient] [INFO ] - Waiting for the server response [!]
[2022-08-27 22:59:16] [Thread-0] [com.networkprobe.networking.NetworkPacketSender] [INFO ] - Sending a data packet to 192.168.1.255
[2022-08-27 22:59:16] [Thread-1] [com.networkprobe.networking.NetworkPacketSender] [INFO ] - Sending a data packet to 172.18.127.255
[2022-08-27 22:59:16] [main] [com.networkprobe.subject.NetworkServer] [INFO ] - Command 'REQUEST_SERVER_IP' requested by '192.168.1.3'
[2022-08-27 22:59:16] [Thread-0] [com.networkprobe.networking.NetworkPacketSender] [INFO ] - Sending a data packet to 192.168.1.3
[2022-08-27 22:59:16] [main] [com.networkprobe.networking.NetworkEnvironment] [INFO ] - Packet senders cleared.
[2022-08-27 22:59:16] [main] [com.networkprobe.subject.NetworkClient] [INFO ] - Recebido: 192.168.1.3
[2022-08-27 22:59:16] [main] [com.networkprobe.subject.NetworkClient] [INFO ] - Atualizando ip do clienteBD para 192.168.1.3
[2022-08-27 22:59:16] [main] [com.networkprobe.subject.NetworkServer] [INFO ] - [Response=192.168.1.3] sent to "192.168.1.3:55829"
[2022-08-27 22:59:16] [main] [com.networkprobe.subject.NetworkServer] [INFO ] - Command 'REQUEST_SERVER_IP' requested by '172.18.112.1'
[2022-08-27 22:59:16] [main] [com.networkprobe.subject.NetworkServer] [INFO ] - [Response=192.168.1.3] sent to "172.18.112.1:55829"
[2022-08-27 22:59:16] [Thread-1] [com.networkprobe.networking.NetworkPacketSender] [INFO ] - Sending a data packet to 172.18.112.1
[2022-08-27 23:00:03] [main] [com.networkprobe.app.NetworkProbeApp] [INFO ] - NetworkProbe 1.0
[2022-08-27 23:00:03] [main] [com.networkprobe.app.NetworkProbeApp] [INFO ] - CommandLine loaded
[2022-08-27 23:00:03] [main] [com.networkprobe.app.NetworkProbeApp] [INFO ] - Loading NetworkConfiguration
[2022-08-27 23:00:03] [main] [com.networkprobe.networking.config.NetworkConfiguration] [INFO ] - './config/networking.json' is loaded as 'NetworkConfiguration'
[2022-08-27 23:00:03] [main] [com.networkprobe.app.NetworkProbeApp] [INFO ] - NetworkSubject (network-side): NetworkSubjectType@SERVER
[2022-08-27 23:00:03] [main] [com.networkprobe.app.NetworkProbeApp] [INFO ] - Loading command manager...
[2022-08-27 23:00:03] [main] [com.networkprobe.command.CommandManager] [INFO ] - Ready.
[2022-08-27 23:00:03] [main] [com.networkprobe.app.NetworkProbeApp] [INFO ] - Loading commands....
[2022-08-27 23:00:03] [main] [com.networkprobe.app.NetworkProbeApp] [INFO ] - Loading NetworkSubjectFactory
[2022-08-27 23:00:03] [main] [com.networkprobe.networking.subject.NetworkSubjectFactory] [INFO ] - Ready.
[2022-08-27 23:00:03] [main] [com.networkprobe.app.NetworkProbeApp] [INFO ] - Loading NetworkEnvironment
[2022-08-27 23:00:03] [main] [com.networkprobe.networking.NetworkEnvironment] [INFO ] - Ready.
[2022-08-27 23:00:03] [main] [com.networkprobe.app.NetworkProbeApp] [INFO ] - Setting up NetworkSubject wrapper
[2022-08-27 23:00:03] [main] [com.networkprobe.subject.NetworkServer] [INFO ] - Listening on port 14476
[2022-08-27 23:00:05] [main] [com.networkprobe.subject.NetworkServer] [INFO ] - Command 'REQUEST_SERVER_IP' requested by '192.168.1.3'
[2022-08-27 23:00:05] [Thread-0] [com.networkprobe.networking.NetworkPacketSender] [INFO ] - Sending a data packet to 192.168.1.3
[2022-08-27 23:00:05] [main] [com.networkprobe.subject.NetworkServer] [INFO ] - [Response=192.168.1.3] sent to "192.168.1.3:65101"
[2022-08-27 23:00:05] [main] [com.networkprobe.subject.NetworkServer] [INFO ] - Command 'REQUEST_SERVER_IP' requested by '172.18.112.1'
[2022-08-27 23:00:05] [Thread-1] [com.networkprobe.networking.NetworkPacketSender] [INFO ] - Sending a data packet to 172.18.112.1
[2022-08-27 23:00:05] [main] [com.networkprobe.subject.NetworkServer] [INFO ] - [Response=192.168.1.3] sent to "172.18.112.1:65101"
